<?xml version="1.0" encoding="UTF-8"?>
<testng-results skipped="0" failed="0" total="24" passed="24">
    <reporter-output>
    </reporter-output>
    <suite name="Test1" duration-ms="234" started-at="2016-05-02T08:09:32Z" finished-at="2016-05-02T08:09:33Z">
        <groups>
        </groups>
        <test name="FirstPro" duration-ms="234" started-at="2016-05-02T08:09:32Z" finished-at="2016-05-02T08:09:33Z">
            <class name="Testers.LoginCheckTest">
                <test-method status="PASS"
                             signature="testChecking(Testers.TestData)[pri:0, instance:Testers.LoginCheckTest@78b66d36]"
                             name="testChecking" duration-ms="203" started-at="2016-05-02T13:39:32Z"
                             data-provider="objectTestData" finished-at="2016-05-02T13:39:33Z">
                    <params>
                        <param index="0">
                            <value>
                                <![CDATA[Testers.TestData@1a482e36]]>
                            </value>
                        </param>
                    </params>
                    <reporter-output>
                    </reporter-output>
                </test-method>
                <!-- testChecking -->
                <test-method status="PASS"
                             signature="testChecking(Testers.TestData)[pri:0, instance:Testers.LoginCheckTest@78b66d36]"
                             name="testChecking" duration-ms="2" started-at="2016-05-02T13:39:33Z"
                             data-provider="objectTestData" finished-at="2016-05-02T13:39:33Z">
                    <params>
                        <param index="0">
                            <value>
                                <![CDATA[Testers.TestData@72967906]]>
                            </value>
                        </param>
                    </params>
                    <reporter-output>
                    </reporter-output>
                </test-method>
                <!-- testChecking -->
                <test-method status="PASS"
                             signature="testChecking(Testers.TestData)[pri:0, instance:Testers.LoginCheckTest@78b66d36]"
                             name="testChecking" duration-ms="1" started-at="2016-05-02T13:39:33Z"
                             data-provider="objectTestData" finished-at="2016-05-02T13:39:33Z">
                    <params>
                        <param index="0">
                            <value>
                                <![CDATA[Testers.TestData@5b8dfcc1]]>
                            </value>
                        </param>
                    </params>
                    <reporter-output>
                    </reporter-output>
                </test-method>
                <!-- testChecking -->
                <test-method status="PASS"
                             signature="testChecking(Testers.TestData)[pri:0, instance:Testers.LoginCheckTest@78b66d36]"
                             name="testChecking" duration-ms="2" started-at="2016-05-02T13:39:33Z"
                             data-provider="objectTestData" finished-at="2016-05-02T13:39:33Z">
                    <params>
                        <param index="0">
                            <value>
                                <![CDATA[Testers.TestData@2f9f7dcf]]>
                            </value>
                        </param>
                    </params>
                    <reporter-output>
                    </reporter-output>
                </test-method>
                <!-- testChecking -->
                <test-method status="PASS"
                             signature="testChecking(Testers.TestData)[pri:0, instance:Testers.LoginCheckTest@78b66d36]"
                             name="testChecking" duration-ms="1" started-at="2016-05-02T13:39:33Z"
                             data-provider="objectTestData" finished-at="2016-05-02T13:39:33Z">
                    <params>
                        <param index="0">
                            <value>
                                <![CDATA[Testers.TestData@747ddf94]]>
                            </value>
                        </param>
                    </params>
                    <reporter-output>
                    </reporter-output>
                </test-method>
                <!-- testChecking -->
                <test-method status="PASS"
                             signature="testChecking(Testers.TestData)[pri:0, instance:Testers.LoginCheckTest@78b66d36]"
                             name="testChecking" duration-ms="2" started-at="2016-05-02T13:39:33Z"
                             data-provider="objectTestData" finished-at="2016-05-02T13:39:33Z">
                    <params>
                        <param index="0">
                            <value>
                                <![CDATA[Testers.TestData@35e2d654]]>
                            </value>
                        </param>
                    </params>
                    <reporter-output>
                    </reporter-output>
                </test-method>
                <!-- testChecking -->
                <test-method status="PASS"
                             signature="testChecking(Testers.TestData)[pri:0, instance:Testers.LoginCheckTest@78b66d36]"
                             name="testChecking" duration-ms="2" started-at="2016-05-02T13:39:33Z"
                             data-provider="objectTestData" finished-at="2016-05-02T13:39:33Z">
                    <params>
                        <param index="0">
                            <value>
                                <![CDATA[Testers.TestData@1bd4fdd]]>
                            </value>
                        </param>
                    </params>
                    <reporter-output>
                    </reporter-output>
                </test-method>
                <!-- testChecking -->
                <test-method status="PASS"
                             signature="testChecking(Testers.TestData)[pri:0, instance:Testers.LoginCheckTest@78b66d36]"
                             name="testChecking" duration-ms="1" started-at="2016-05-02T13:39:33Z"
                             data-provider="objectTestData" finished-at="2016-05-02T13:39:33Z">
                    <params>
                        <param index="0">
                            <value>
                                <![CDATA[Testers.TestData@55183b20]]>
                            </value>
                        </param>
                    </params>
                    <reporter-output>
                    </reporter-output>
                </test-method>
                <!-- testChecking -->
                <test-method status="PASS"
                             signature="testChecking(Testers.TestData)[pri:0, instance:Testers.LoginCheckTest@78b66d36]"
                             name="testChecking" duration-ms="1" started-at="2016-05-02T13:39:33Z"
                             data-provider="objectTestData" finished-at="2016-05-02T13:39:33Z">
                    <params>
                        <param index="0">
                            <value>
                                <![CDATA[Testers.TestData@4f83df68]]>
                            </value>
                        </param>
                    </params>
                    <reporter-output>
                    </reporter-output>
                </test-method>
                <!-- testChecking -->
            </class>
            <!-- Testers.LoginCheckTest -->
            <class name="Testers.StringChangeTest">
                <test-method status="PASS"
                             signature="testModifiedStr()[pri:0, instance:Testers.StringChangeTest@5223e5ee]"
                             name="testModifiedStr" duration-ms="1" started-at="2016-05-02T13:39:32Z"
                             finished-at="2016-05-02T13:39:32Z">
                    <reporter-output>
                    </reporter-output>
                </test-method>
                <!-- testModifiedStr -->
                <test-method status="PASS"
                             signature="testName(java.lang.String, java.lang.String, java.lang.String)[pri:0, instance:Testers.StringChangeTest@5223e5ee]"
                             name="testName" duration-ms="1" started-at="2016-05-02T13:39:32Z" data-provider="Name"
                             finished-at="2016-05-02T13:39:32Z">
                    <params>
                        <param index="0">
                            <value>
                                <![CDATA[I eat rice]]>
                            </value>
                        </param>
                        <param index="1">
                            <value>
                                <![CDATA[english]]>
                            </value>
                        </param>
                        <param index="2">
                            <value>
                                <![CDATA[]]>
                            </value>
                        </param>
                    </params>
                    <reporter-output>
                    </reporter-output>
                </test-method>
                <!-- testName -->
                <test-method status="PASS"
                             signature="testName(java.lang.String, java.lang.String, java.lang.String)[pri:0, instance:Testers.StringChangeTest@5223e5ee]"
                             name="testName" duration-ms="0" started-at="2016-05-02T13:39:32Z" data-provider="Name"
                             finished-at="2016-05-02T13:39:32Z">
                    <params>
                        <param index="0">
                            <value>
                                <![CDATA[I eat rice]]>
                            </value>
                        </param>
                        <param index="1">
                            <value>
                                <![CDATA[]]>
                            </value>
                        </param>
                        <param index="2">
                            <value>
                                <![CDATA[japanese]]>
                            </value>
                        </param>
                    </params>
                    <reporter-output>
                    </reporter-output>
                </test-method>
                <!-- testName -->
                <test-method status="PASS"
                             signature="testName(java.lang.String, java.lang.String, java.lang.String)[pri:0, instance:Testers.StringChangeTest@5223e5ee]"
                             name="testName" duration-ms="0" started-at="2016-05-02T13:39:32Z" data-provider="Name"
                             finished-at="2016-05-02T13:39:32Z">
                    <params>
                        <param index="0">
                            <value>
                                <![CDATA[fsdf3wfwfsd]]>
                            </value>
                        </param>
                        <param index="1">
                            <value>
                                <![CDATA[english]]>
                            </value>
                        </param>
                        <param index="2">
                            <value>
                                <![CDATA[japanses]]>
                            </value>
                        </param>
                    </params>
                    <reporter-output>
                    </reporter-output>
                </test-method>
                <!-- testName -->
                <test-method status="PASS"
                             signature="testName(java.lang.String, java.lang.String, java.lang.String)[pri:0, instance:Testers.StringChangeTest@5223e5ee]"
                             name="testName" duration-ms="0" started-at="2016-05-02T13:39:32Z" data-provider="Name"
                             finished-at="2016-05-02T13:39:32Z">
                    <params>
                        <param index="0">
                            <value>
                                <![CDATA[I gels you]]>
                            </value>
                        </param>
                        <param index="1">
                            <value>
                                <![CDATA[from]]>
                            </value>
                        </param>
                        <param index="2">
                            <value>
                                <![CDATA[to]]>
                            </value>
                        </param>
                    </params>
                    <reporter-output>
                    </reporter-output>
                </test-method>
                <!-- testName -->
                <test-method status="PASS"
                             signature="testName(java.lang.String, java.lang.String, java.lang.String)[pri:0, instance:Testers.StringChangeTest@5223e5ee]"
                             name="testName" duration-ms="0" started-at="2016-05-02T13:39:32Z" data-provider="Name"
                             finished-at="2016-05-02T13:39:32Z">
                    <params>
                        <param index="0">
                            <value>
                                <![CDATA[]]>
                            </value>
                        </param>
                        <param index="1">
                            <value>
                                <![CDATA[english]]>
                            </value>
                        </param>
                        <param index="2">
                            <value>
                                <![CDATA[japanese]]>
                            </value>
                        </param>
                    </params>
                    <reporter-output>
                    </reporter-output>
                </test-method>
                <!-- testName -->
            </class>
            <!-- Testers.StringChangeTest -->
            <class name="Testers.PropertyHandleTest">
                <test-method status="PASS" signature="setUp()[pri:0, instance:Testers.PropertyHandleTest@36c88a32]"
                             name="setUp" is-config="true" duration-ms="4" started-at="2016-05-02T13:39:32Z"
                             finished-at="2016-05-02T13:39:32Z">
                    <reporter-output>
                    </reporter-output>
                </test-method>
                <!-- setUp -->
                <test-method status="PASS"
                             signature="testGetPassword()[pri:0, instance:Testers.PropertyHandleTest@36c88a32]"
                             name="testGetPassword" duration-ms="1" started-at="2016-05-02T13:39:33Z"
                             finished-at="2016-05-02T13:39:33Z">
                    <reporter-output>
                    </reporter-output>
                </test-method>
                <!-- testGetPassword -->
                <test-method status="PASS"
                             signature="testGetDbuser()[pri:0, instance:Testers.PropertyHandleTest@36c88a32]"
                             name="testGetDbuser" duration-ms="0" started-at="2016-05-02T13:39:33Z"
                             finished-at="2016-05-02T13:39:33Z">
                    <reporter-output>
                    </reporter-output>
                </test-method>
                <!-- testGetDbuser -->
                <test-method status="PASS" signature="testGetUrl()[pri:0, instance:Testers.PropertyHandleTest@36c88a32]"
                             name="testGetUrl" duration-ms="0" started-at="2016-05-02T13:39:33Z"
                             finished-at="2016-05-02T13:39:33Z">
                    <reporter-output>
                    </reporter-output>
                </test-method>
                <!-- testGetUrl -->
            </class>
            <!-- Testers.PropertyHandleTest -->
            <class name="Testers.HashClassTest">
                <test-method status="PASS"
                             signature="testSHA1(java.lang.String, java.lang.String)[pri:0, instance:Testers.HashClassTest@7f552bd3]"
                             name="testSHA1" duration-ms="3" started-at="2016-05-02T13:39:32Z" data-provider="test1"
                             finished-at="2016-05-02T13:39:32Z">
                    <params>
                        <param index="0">
                            <value>
                                <![CDATA[test]]>
                            </value>
                        </param>
                        <param index="1">
                            <value>
                                <![CDATA[a94a8fe5ccb19ba61c4c0873d391e987982fbbd3]]>
                            </value>
                        </param>
                    </params>
                    <reporter-output>
                    </reporter-output>
                </test-method>
                <!-- testSHA1 -->
                <test-method status="PASS"
                             signature="testSHA1(java.lang.String, java.lang.String)[pri:0, instance:Testers.HashClassTest@7f552bd3]"
                             name="testSHA1" duration-ms="0" started-at="2016-05-02T13:39:32Z" data-provider="test1"
                             finished-at="2016-05-02T13:39:32Z">
                    <params>
                        <param index="0">
                            <value>
                                <![CDATA[5678]]>
                            </value>
                        </param>
                        <param index="1">
                            <value>
                                <![CDATA[2abd55e001c524cb2cf6300a89ca6366848a77d5]]>
                            </value>
                        </param>
                    </params>
                    <reporter-output>
                    </reporter-output>
                </test-method>
                <!-- testSHA1 -->
                <test-method status="PASS"
                             signature="testSHA1(java.lang.String, java.lang.String)[pri:0, instance:Testers.HashClassTest@7f552bd3]"
                             name="testSHA1" duration-ms="1" started-at="2016-05-02T13:39:32Z" data-provider="test1"
                             finished-at="2016-05-02T13:39:32Z">
                    <params>
                        <param index="0">
                            <value>
                                <![CDATA[^&(()**&%$#&()]]>
                            </value>
                        </param>
                        <param index="1">
                            <value>
                                <![CDATA[fd04af6813cf8f853d5211a220a9e945635141da]]>
                            </value>
                        </param>
                    </params>
                    <reporter-output>
                    </reporter-output>
                </test-method>
                <!-- testSHA1 -->
                <test-method status="PASS"
                             signature="testSHA1(java.lang.String, java.lang.String)[pri:0, instance:Testers.HashClassTest@7f552bd3]"
                             name="testSHA1" duration-ms="0" started-at="2016-05-02T13:39:32Z" data-provider="test1"
                             finished-at="2016-05-02T13:39:32Z">
                    <params>
                        <param index="0">
                            <value>
                                <![CDATA[12345]]>
                            </value>
                        </param>
                        <param index="1">
                            <value>
                                <![CDATA[8cb2237d0679ca88db6464eac60da96345513964]]>
                            </value>
                        </param>
                    </params>
                    <reporter-output>
                    </reporter-output>
                </test-method>
                <!-- testSHA1 -->
                <test-method status="PASS"
                             signature="testSHA1(java.lang.String, java.lang.String)[pri:0, instance:Testers.HashClassTest@7f552bd3]"
                             name="testSHA1" duration-ms="0" started-at="2016-05-02T13:39:32Z" data-provider="test1"
                             finished-at="2016-05-02T13:39:32Z">
                    <params>
                        <param index="0">
                            <value>
                                <![CDATA[^&%()_()(**74758938]]>
                            </value>
                        </param>
                        <param index="1">
                            <value>
                                <![CDATA[3dfc3c042e4a1df63b3fa7f2bd022da4c991e60d]]>
                            </value>
                        </param>
                    </params>
                    <reporter-output>
                    </reporter-output>
                </test-method>
                <!-- testSHA1 -->
                <test-method status="PASS"
                             signature="testSHA1(java.lang.String, java.lang.String)[pri:0, instance:Testers.HashClassTest@7f552bd3]"
                             name="testSHA1" duration-ms="0" started-at="2016-05-02T13:39:32Z" data-provider="test1"
                             finished-at="2016-05-02T13:39:32Z">
                    <params>
                        <param index="0">
                            <value>
                                <![CDATA[&*^$%##$%2124e34fvhsdvbnfvj]]>
                            </value>
                        </param>
                        <param index="1">
                            <value>
                                <![CDATA[3015dce9aed24d31efdb0441457fb2747d1da5df]]>
                            </value>
                        </param>
                    </params>
                    <reporter-output>
                    </reporter-output>
                </test-method>
                <!-- testSHA1 -->
            </class>
            <!-- Testers.HashClassTest -->
        </test>
        <!-- FirstPro -->
    </suite>
    <!-- Test1 -->
</testng-results>
