<?xml version="1.0" encoding="UTF-8"?>
<!-- Generated by org.testng.reporters.JUnitXMLReporter -->
<testsuite hostname="PC05" name="FirstPro" tests="24" failures="0" timestamp="2 May 2016 08:09:33 GMT" time="0.234"
           errors="0">
    <testcase name="testSHA1" time="0.003" classname="Testers.HashClassTest"/>
    <testcase name="testSHA1" time="0.0" classname="Testers.HashClassTest"/>
    <testcase name="testSHA1" time="0.0" classname="Testers.HashClassTest"/>
    <testcase name="testSHA1" time="0.001" classname="Testers.HashClassTest"/>
    <testcase name="testSHA1" time="0.0" classname="Testers.HashClassTest"/>
    <testcase name="testSHA1" time="0.0" classname="Testers.HashClassTest"/>
    <testcase name="testModifiedStr" time="0.001" classname="Testers.StringChangeTest"/>
    <testcase name="testName" time="0.0" classname="Testers.StringChangeTest"/>
    <testcase name="testName" time="0.001" classname="Testers.StringChangeTest"/>
    <testcase name="testName" time="0.0" classname="Testers.StringChangeTest"/>
    <testcase name="testName" time="0.0" classname="Testers.StringChangeTest"/>
    <testcase name="testName" time="0.0" classname="Testers.StringChangeTest"/>
    <testcase name="testChecking" time="0.203" classname="Testers.LoginCheckTest"/>
    <testcase name="testChecking" time="0.002" classname="Testers.LoginCheckTest"/>
    <testcase name="testChecking" time="0.001" classname="Testers.LoginCheckTest"/>
    <testcase name="testChecking" time="0.002" classname="Testers.LoginCheckTest"/>
    <testcase name="testChecking" time="0.001" classname="Testers.LoginCheckTest"/>
    <testcase name="testChecking" time="0.002" classname="Testers.LoginCheckTest"/>
    <testcase name="testChecking" time="0.002" classname="Testers.LoginCheckTest"/>
    <testcase name="testChecking" time="0.001" classname="Testers.LoginCheckTest"/>
    <testcase name="testChecking" time="0.001" classname="Testers.LoginCheckTest"/>
    <testcase name="testGetDbuser" time="0.0" classname="Testers.PropertyHandleTest"/>
    <testcase name="testGetPassword" time="0.001" classname="Testers.PropertyHandleTest"/>
    <testcase name="testGetUrl" time="0.0" classname="Testers.PropertyHandleTest"/>
</testsuite> <!-- FirstPro -->
